<?xml version="1.0" encoding="UTF-8"?>
<testsuite name="package1.AuthorTest" tests="3" skipped="0" failures="0" errors="0" timestamp="2022-02-03T02:22:34" hostname="KaideMacBook-Pro.local" time="0.105">
  <properties/>
  <testcase name="getAddress()" classname="package1.AuthorTest" time="0.094"/>
  <testcase name="getName()" classname="package1.AuthorTest" time="0.004"/>
  <testcase name="getEmail()" classname="package1.AuthorTest" time="0.003"/>
  <system-out><![CDATA[]]></system-out>
  <system-err><![CDATA[]]></system-err>
</testsuite>
